<?xml version="1.0" encoding="UTF-8"?>
<!-- Generated by org.testng.reporters.JUnitReportReporter -->
<testsuite hostname="Charvik-HP" name="PackageNew.SampleClass" tests="1" failures="0" timestamp="8 Nov 2018 14:34:11 GMT" time="23.190" errors="0">
  <testcase name="Test1" time="23.190" classname="PackageNew.SampleClass"/>
</testsuite> <!-- PackageNew.SampleClass -->
